The system is: Windows - 10.0.19042 - AMD64
Compiling the C compiler identification source file "CMakeCCompilerId.c" succeeded.
Compiler: C:/Program Files (x86)/Microsoft Visual Studio/2017/BuildTools/VC/Tools/MSVC/14.16.27023/bin/Hostx86/x86/cl.exe 
Build flags: 
Id flags:  

The output was:
0
Microsoft (R) C/C++ Optimizing Compiler Version 19.16.27042 for x86
Copyright (C) Microsoft Corporation.  All rights reserved.

CMakeCCompilerId.c
Microsoft (R) Incremental Linker Version 14.16.27042.0
Copyright (C) Microsoft Corporation.  All rights reserved.

/out:CMakeCCompilerId.exe 
CMakeCCompilerId.obj 


Compilation of the C compiler identification source "CMakeCCompilerId.c" produced "CMakeCCompilerId.exe"

Compilation of the C compiler identification source "CMakeCCompilerId.c" produced "CMakeCCompilerId.obj"

The C compiler identification is MSVC, found in "C:/Users/wagner/Desktop/GrowthBook/C/001/cmake-build-debug/CMakeFiles/3.17.5/CompilerIdC/CMakeCCompilerId.exe"

Determining if the C compiler works passed with the following output:
Change Dir: C:/Users/wagner/Desktop/GrowthBook/C/001/cmake-build-debug/CMakeFiles/CMakeTmp

Run Build Command(s):nmake /nologo cmTC_6dcbd\fast && 	"C:\Program Files (x86)\Microsoft Visual Studio\2017\BuildTools\VC\Tools\MSVC\14.16.27023\bin\HostX86\x86\nmake.exe"  -f CMakeFiles\cmTC_6dcbd.dir\build.make /nologo -L                  CMakeFiles\cmTC_6dcbd.dir\build
Building C object CMakeFiles/cmTC_6dcbd.dir/testCCompiler.c.obj
	C:\PROGRA~2\MIB055~1\2017\BUILDT~1\VC\Tools\MSVC\1416~1.270\bin\Hostx86\x86\cl.exe @C:\Users\wagner\AppData\Local\Temp\nmCD7C.tmp
testCCompiler.c
Linking C executable cmTC_6dcbd.exe
	"C:\Program Files\JetBrains\CLion 2020.3.2\bin\cmake\win\bin\cmake.exe" -E vs_link_exe --intdir=CMakeFiles\cmTC_6dcbd.dir --rc=C:\PROGRA~2\WI3CF2~1\10\bin\100177~1.0\x86\rc.exe --mt=C:\PROGRA~2\WI3CF2~1\10\bin\100177~1.0\x86\mt.exe --manifests  -- C:\PROGRA~2\MIB055~1\2017\BUILDT~1\VC\Tools\MSVC\1416~1.270\bin\Hostx86\x86\link.exe /nologo @CMakeFiles\cmTC_6dcbd.dir\objects1.rsp @C:\Users\wagner\AppData\Local\Temp\nmCE1A.tmp



Detecting C compiler ABI info compiled with the following output:
Change Dir: C:/Users/wagner/Desktop/GrowthBook/C/001/cmake-build-debug/CMakeFiles/CMakeTmp

Run Build Command(s):nmake /nologo cmTC_dcbd6\fast && 	"C:\Program Files (x86)\Microsoft Visual Studio\2017\BuildTools\VC\Tools\MSVC\14.16.27023\bin\HostX86\x86\nmake.exe"  -f CMakeFiles\cmTC_dcbd6.dir\build.make /nologo -L                  CMakeFiles\cmTC_dcbd6.dir\build
Building C object CMakeFiles/cmTC_dcbd6.dir/CMakeCCompilerABI.c.obj
	C:\PROGRA~2\MIB055~1\2017\BUILDT~1\VC\Tools\MSVC\1416~1.270\bin\Hostx86\x86\cl.exe @C:\Users\wagner\AppData\Local\Temp\nmD368.tmp
CMakeCCompilerABI.c
Linking C executable cmTC_dcbd6.exe
	"C:\Program Files\JetBrains\CLion 2020.3.2\bin\cmake\win\bin\cmake.exe" -E vs_link_exe --intdir=CMakeFiles\cmTC_dcbd6.dir --rc=C:\PROGRA~2\WI3CF2~1\10\bin\100177~1.0\x86\rc.exe --mt=C:\PROGRA~2\WI3CF2~1\10\bin\100177~1.0\x86\mt.exe --manifests  -- C:\PROGRA~2\MIB055~1\2017\BUILDT~1\VC\Tools\MSVC\1416~1.270\bin\Hostx86\x86\link.exe /nologo @CMakeFiles\cmTC_dcbd6.dir\objects1.rsp @C:\Users\wagner\AppData\Local\Temp\nmD3F6.tmp



